# JRE version: OpenJDK Runtime Environment (21.0.7) (build 21.0.7+-13880790-b1038.58)
# Java VM: OpenJDK 64-Bit Server VM (21.0.7+-13880790-b1038.58, mixed mode, tiered, compressed oops, compressed class ptrs, g1 gc, windows-amd64)
GC Precious Log:
 CardTable entry size: 512
 Card Set container configuration: InlinePtr #cards 5 size 8 Array Of Cards #cards 12 size 40 Howl #buckets 4 coarsen threshold 1843 Howl Bitmap #cards 512 size 80 coarsen threshold 460 Card regions per heap region 1 cards per card region 2048
 CPUs: 12 total, 12 available
 Memory: 16159M
 Large Page Support: Disabled
 NUMA Support: Disabled
 Compressed Oops: Enabled (32-bit)
 Heap Region Size: 1M
 Heap Min Capacity: 8M
 Heap Initial Capacity: 254M
 Heap Max Capacity: 2G
 Pre-touch: Disabled
 Parallel Workers: 10
 Concurrent Workers: 3
 Concurrent Refinement Workers: 10
 Periodic GC: Disabled
Heap:
 garbage-first heap   total 293888K, used 219999K [0x0000000080000000, 0x0000000100000000)
  region size 1024K, 28 young (28672K), 2 survivors (2048K)
 Metaspace       used 152140K, committed 154432K, reserved 1245184K
  class space    used 19807K, committed 20928K, reserved 1048576K
GC Heap History (20 events):
Event: 10.995 GC heap before
{Heap before GC invocations=35 (full 0):
 garbage-first heap   total 203776K, used 186202K [0x0000000080000000, 0x0000000100000000)
  region size 1024K, 52 young (53248K), 5 survivors (5120K)
 Metaspace       used 119778K, committed 122048K, reserved 1179648K
  class space    used 16287K, committed 17408K, reserved 1048576K
}
Event: 10.999 GC heap after
{Heap after GC invocations=36 (full 0):
 garbage-first heap   total 203776K, used 140031K [0x0000000080000000, 0x0000000100000000)
  region size 1024K, 7 young (7168K), 7 survivors (7168K)
 Metaspace       used 119778K, committed 122048K, reserved 1179648K
  class space    used 16287K, committed 17408K, reserved 1048576K
}
Event: 11.400 GC heap before
{Heap before GC invocations=37 (full 0):
 garbage-first heap   total 234496K, used 182015K [0x0000000080000000, 0x0000000100000000)
  region size 1024K, 49 young (50176K), 7 survivors (7168K)
 Metaspace       used 125242K, committed 127488K, reserved 1179648K
  class space    used 16969K, committed 18048K, reserved 1048576K
}
Event: 11.405 GC heap after
{Heap after GC invocations=38 (full 0):
 garbage-first heap   total 234496K, used 141044K [0x0000000080000000, 0x0000000100000000)
  region size 1024K, 5 young (5120K), 5 survivors (5120K)
 Metaspace       used 125242K, committed 127488K, reserved 1179648K
  class space    used 16969K, committed 18048K, reserved 1048576K
}
Event: 11.962 GC heap before
{Heap before GC invocations=38 (full 0):
 garbage-first heap   total 234496K, used 216820K [0x0000000080000000, 0x0000000100000000)
  region size 1024K, 78 young (79872K), 5 survivors (5120K)
 Metaspace       used 129632K, committed 131904K, reserved 1179648K
  class space    used 17517K, committed 18624K, reserved 1048576K
}
Event: 11.967 GC heap after
{Heap after GC invocations=39 (full 0):
 garbage-first heap   total 234496K, used 144603K [0x0000000080000000, 0x0000000100000000)
  region size 1024K, 10 young (10240K), 10 survivors (10240K)
 Metaspace       used 129632K, committed 131904K, reserved 1179648K
  class space    used 17517K, committed 18624K, reserved 1048576K
}
Event: 12.637 GC heap before
{Heap before GC invocations=39 (full 0):
 garbage-first heap   total 234496K, used 211163K [0x0000000080000000, 0x0000000100000000)
  region size 1024K, 75 young (76800K), 10 survivors (10240K)
 Metaspace       used 137576K, committed 139840K, reserved 1179648K
  class space    used 18414K, committed 19520K, reserved 1048576K
}
Event: 12.643 GC heap after
{Heap after GC invocations=40 (full 0):
 garbage-first heap   total 234496K, used 149087K [0x0000000080000000, 0x0000000100000000)
  region size 1024K, 10 young (10240K), 10 survivors (10240K)
 Metaspace       used 137576K, committed 139840K, reserved 1179648K
  class space    used 18414K, committed 19520K, reserved 1048576K
}
Event: 13.200 GC heap before
{Heap before GC invocations=41 (full 0):
 garbage-first heap   total 250880K, used 209503K [0x0000000080000000, 0x0000000100000000)
  region size 1024K, 69 young (70656K), 10 survivors (10240K)
 Metaspace       used 147237K, committed 149504K, reserved 1179648K
  class space    used 19331K, committed 20416K, reserved 1048576K
}
Event: 13.205 GC heap after
{Heap after GC invocations=42 (full 0):
 garbage-first heap   total 250880K, used 152493K [0x0000000080000000, 0x0000000100000000)
  region size 1024K, 8 young (8192K), 8 survivors (8192K)
 Metaspace       used 147237K, committed 149504K, reserved 1179648K
  class space    used 19331K, committed 20416K, reserved 1048576K
}
Event: 14.125 GC heap before
{Heap before GC invocations=42 (full 0):
 garbage-first heap   total 250880K, used 227245K [0x0000000080000000, 0x0000000100000000)
  region size 1024K, 82 young (83968K), 8 survivors (8192K)
 Metaspace       used 151570K, committed 153856K, reserved 1245184K
  class space    used 19785K, committed 20928K, reserved 1048576K
}
Event: 14.135 GC heap after
{Heap after GC invocations=43 (full 0):
 garbage-first heap   total 250880K, used 157481K [0x0000000080000000, 0x0000000100000000)
  region size 1024K, 10 young (10240K), 10 survivors (10240K)
 Metaspace       used 151570K, committed 153856K, reserved 1245184K
  class space    used 19785K, committed 20928K, reserved 1048576K
}
Event: 14.346 GC heap before
{Heap before GC invocations=43 (full 0):
 garbage-first heap   total 250880K, used 225065K [0x0000000080000000, 0x0000000100000000)
  region size 1024K, 77 young (78848K), 10 survivors (10240K)
 Metaspace       used 151820K, committed 154176K, reserved 1245184K
  class space    used 19785K, committed 20928K, reserved 1048576K
}
Event: 14.352 GC heap after
{Heap after GC invocations=44 (full 0):
 garbage-first heap   total 250880K, used 159681K [0x0000000080000000, 0x0000000100000000)
  region size 1024K, 5 young (5120K), 5 survivors (5120K)
 Metaspace       used 151820K, committed 154176K, reserved 1245184K
  class space    used 19785K, committed 20928K, reserved 1048576K
}
Event: 14.615 GC heap before
{Heap before GC invocations=45 (full 0):
 garbage-first heap   total 268288K, used 231361K [0x0000000080000000, 0x0000000100000000)
  region size 1024K, 74 young (75776K), 5 survivors (5120K)
 Metaspace       used 151977K, committed 154240K, reserved 1245184K
  class space    used 19807K, committed 20928K, reserved 1048576K
}
Event: 14.620 GC heap after
{Heap after GC invocations=46 (full 0):
 garbage-first heap   total 268288K, used 163130K [0x0000000080000000, 0x0000000100000000)
  region size 1024K, 7 young (7168K), 7 survivors (7168K)
 Metaspace       used 151977K, committed 154240K, reserved 1245184K
  class space    used 19807K, committed 20928K, reserved 1048576K
}
Event: 14.945 GC heap before
{Heap before GC invocations=46 (full 0):
 garbage-first heap   total 268288K, used 262458K [0x0000000080000000, 0x0000000100000000)
  region size 1024K, 88 young (90112K), 7 survivors (7168K)
 Metaspace       used 152123K, committed 154432K, reserved 1245184K
  class space    used 19807K, committed 20928K, reserved 1048576K
}
Event: 14.962 GC heap after
{Heap after GC invocations=47 (full 0):
 garbage-first heap   total 293888K, used 190046K [0x0000000080000000, 0x0000000100000000)
  region size 1024K, 11 young (11264K), 11 survivors (11264K)
 Metaspace       used 152123K, committed 154432K, reserved 1245184K
  class space    used 19807K, committed 20928K, reserved 1048576K
}
Event: 14.973 GC heap before
{Heap before GC invocations=47 (full 0):
 garbage-first heap   total 293888K, used 192094K [0x0000000080000000, 0x0000000100000000)
  region size 1024K, 14 young (14336K), 11 survivors (11264K)
 Metaspace       used 152132K, committed 154432K, reserved 1245184K
  class space    used 19807K, committed 20928K, reserved 1048576K
}
Event: 14.980 GC heap after
{Heap after GC invocations=48 (full 0):
 garbage-first heap   total 293888K, used 193375K [0x0000000080000000, 0x0000000100000000)
  region size 1024K, 2 young (2048K), 2 survivors (2048K)
 Metaspace       used 152132K, committed 154432K, reserved 1245184K
  class space    used 19807K, committed 20928K, reserved 1048576K
}

